<?xml version="1.0" encoding="UTF-8"?>
<testsuite xmlns:xsi="http://www.w3.org/2001/XMLSchema-instance" xsi:noNamespaceSchemaLocation="https://maven.apache.org/surefire/maven-surefire-plugin/xsd/surefire-test-report-3.0.xsd" version="3.0" name="lucas.trabalho_1.data_structures.SinglyLinkedListTest" time="0.087" tests="15" errors="0" skipped="0" failures="0">
  <properties>
    <property name="java.specification.version" value="17"/>
    <property name="sun.cpu.isalist" value="amd64"/>
    <property name="sun.jnu.encoding" value="Cp1252"/>
    <property name="java.class.path" value="T:\faculdade\edi\trabalho_1\target\test-classes;T:\faculdade\edi\trabalho_1\target\classes;C:\Users\lucas\.m2\repository\org\junit\jupiter\junit-jupiter-api\5.6.0\junit-jupiter-api-5.6.0.jar;C:\Users\lucas\.m2\repository\org\apiguardian\apiguardian-api\1.1.0\apiguardian-api-1.1.0.jar;C:\Users\lucas\.m2\repository\org\opentest4j\opentest4j\1.2.0\opentest4j-1.2.0.jar;C:\Users\lucas\.m2\repository\org\junit\platform\junit-platform-commons\1.6.0\junit-platform-commons-1.6.0.jar;C:\Users\lucas\.m2\repository\org\junit\jupiter\junit-jupiter-params\5.6.0\junit-jupiter-params-5.6.0.jar;C:\Users\lucas\.m2\repository\org\junit\jupiter\junit-jupiter-engine\5.6.0\junit-jupiter-engine-5.6.0.jar;C:\Users\lucas\.m2\repository\org\junit\platform\junit-platform-engine\1.6.0\junit-platform-engine-1.6.0.jar;"/>
    <property name="java.vm.vendor" value="Oracle Corporation"/>
    <property name="sun.arch.data.model" value="64"/>
    <property name="user.variant" value=""/>
    <property name="java.vendor.url" value="https://java.oracle.com/"/>
    <property name="user.timezone" value="America/Sao_Paulo"/>
    <property name="os.name" value="Windows 11"/>
    <property name="java.vm.specification.version" value="17"/>
    <property name="user.country" value="US"/>
    <property name="sun.java.launcher" value="SUN_STANDARD"/>
    <property name="sun.boot.library.path" value="C:\Program Files\Java\jdk-17\bin"/>
    <property name="sun.java.command" value="C:\Users\lucas\AppData\Local\Temp\surefire15057458028579818364\surefirebooter-20240428233905516_3.jar C:\Users\lucas\AppData\Local\Temp\surefire15057458028579818364 2024-04-28T23-39-05_316-jvmRun1 surefire-20240428233905516_1tmp surefire_0-20240428233905516_2tmp"/>
    <property name="jdk.debug" value="release"/>
    <property name="test" value="lucas.trabalho_1.data_structures.SinglyLinkedListTest"/>
    <property name="surefire.test.class.path" value="T:\faculdade\edi\trabalho_1\target\test-classes;T:\faculdade\edi\trabalho_1\target\classes;C:\Users\lucas\.m2\repository\org\junit\jupiter\junit-jupiter-api\5.6.0\junit-jupiter-api-5.6.0.jar;C:\Users\lucas\.m2\repository\org\apiguardian\apiguardian-api\1.1.0\apiguardian-api-1.1.0.jar;C:\Users\lucas\.m2\repository\org\opentest4j\opentest4j\1.2.0\opentest4j-1.2.0.jar;C:\Users\lucas\.m2\repository\org\junit\platform\junit-platform-commons\1.6.0\junit-platform-commons-1.6.0.jar;C:\Users\lucas\.m2\repository\org\junit\jupiter\junit-jupiter-params\5.6.0\junit-jupiter-params-5.6.0.jar;C:\Users\lucas\.m2\repository\org\junit\jupiter\junit-jupiter-engine\5.6.0\junit-jupiter-engine-5.6.0.jar;C:\Users\lucas\.m2\repository\org\junit\platform\junit-platform-engine\1.6.0\junit-platform-engine-1.6.0.jar;"/>
    <property name="sun.cpu.endian" value="little"/>
    <property name="user.home" value="C:\Users\lucas"/>
    <property name="user.language" value="en"/>
    <property name="java.specification.vendor" value="Oracle Corporation"/>
    <property name="java.version.date" value="2023-07-18"/>
    <property name="java.home" value="C:\Program Files\Java\jdk-17"/>
    <property name="file.separator" value="\"/>
    <property name="basedir" value="T:\faculdade\edi\trabalho_1"/>
    <property name="java.vm.compressedOopsMode" value="32-bit"/>
    <property name="line.separator" value="&#10;"/>
    <property name="java.vm.specification.vendor" value="Oracle Corporation"/>
    <property name="java.specification.name" value="Java Platform API Specification"/>
    <property name="surefire.real.class.path" value="C:\Users\lucas\AppData\Local\Temp\surefire15057458028579818364\surefirebooter-20240428233905516_3.jar"/>
    <property name="user.script" value=""/>
    <property name="sun.management.compiler" value="HotSpot 64-Bit Tiered Compilers"/>
    <property name="java.runtime.version" value="17.0.8+9-LTS-211"/>
    <property name="user.name" value="lucas"/>
    <property name="path.separator" value=";"/>
    <property name="os.version" value="10.0"/>
    <property name="java.runtime.name" value="Java(TM) SE Runtime Environment"/>
    <property name="file.encoding" value="UTF-8"/>
    <property name="java.vm.name" value="Java HotSpot(TM) 64-Bit Server VM"/>
    <property name="maven.ext.class.path" value="C:\Program Files\NetBeans-19\netbeans\java\maven-nblib\netbeans-eventspy.jar"/>
    <property name="localRepository" value="C:\Users\lucas\.m2\repository"/>
    <property name="java.vendor.url.bug" value="https://bugreport.java.com/bugreport/"/>
    <property name="java.io.tmpdir" value="C:\Users\lucas\AppData\Local\Temp\"/>
    <property name="java.version" value="17.0.8"/>
    <property name="user.dir" value="T:\faculdade\edi\trabalho_1"/>
    <property name="os.arch" value="amd64"/>
    <property name="java.vm.specification.name" value="Java Virtual Machine Specification"/>
    <property name="sun.os.patch.level" value=""/>
    <property name="native.encoding" value="Cp1252"/>
    <property name="java.library.path" value="C:\Program Files\Java\jdk-17\bin;C:\WINDOWS\Sun\Java\bin;C:\WINDOWS\system32;C:\WINDOWS;C:\Python312\Scripts\;C:\Python312\;C:\Program Files\Common Files\Oracle\Java\javapath;C:\Program Files (x86)\Common Files\Oracle\Java\javapath;C:\WINDOWS\system32;C:\WINDOWS;C:\WINDOWS\System32\Wbem;C:\WINDOWS\System32\WindowsPowerShell\v1.0\;C:\WINDOWS\System32\OpenSSH\;C:\Program Files\Git\cmd;C:\Program Files (x86)\Windows Kits\10\Windows Performance Toolkit\;C:\Program Files\Go\bin;C:\xampp\php;C:\ProgramData\ComposerSetup\bin;C:\Program Files\nodejs\;C:\ProgramData\chocolatey\bin;C:\Program Files\PuTTY\;C:\Users\lucas\.cargo\bin;C:\Program Files\MySQL\MySQL Shell 8.0\bin\;C:\Users\lucas\AppData\Local\Microsoft\WindowsApps;C:\Program Files\Neovim\bin;C:\Users\lucas\AppData\Local\Programs\Microsoft VS Code\bin;C:\Users\lucas\go\bin;C:\Users\lucas\AppData\Local\Microsoft\WinGet\Packages\Helix.Helix_Microsoft.Winget.Source_8wekyb3d8bbwe\helix-23.05-x86_64-windows;C:\Users\lucas\AppData\Roaming\Composer\vendor\bin;C:\Users\lucas\AppData\Roaming\npm;."/>
    <property name="java.vm.info" value="mixed mode, sharing"/>
    <property name="java.vendor" value="Oracle Corporation"/>
    <property name="java.vm.version" value="17.0.8+9-LTS-211"/>
    <property name="sun.io.unicode.encoding" value="UnicodeLittle"/>
    <property name="java.class.version" value="61.0"/>
  </properties>
  <testcase name="testDeleteAtEnd" classname="lucas.trabalho_1.data_structures.SinglyLinkedListTest" time="0.034"/>
  <testcase name="testEmpty" classname="lucas.trabalho_1.data_structures.SinglyLinkedListTest" time="0.002"/>
  <testcase name="testGetAt" classname="lucas.trabalho_1.data_structures.SinglyLinkedListTest" time="0.002"/>
  <testcase name="testHead" classname="lucas.trabalho_1.data_structures.SinglyLinkedListTest" time="0.001"/>
  <testcase name="testSize" classname="lucas.trabalho_1.data_structures.SinglyLinkedListTest" time="0.001"/>
  <testcase name="testToString" classname="lucas.trabalho_1.data_structures.SinglyLinkedListTest" time="0.001"/>
  <testcase name="testInsertAtEnd" classname="lucas.trabalho_1.data_structures.SinglyLinkedListTest" time="0.001"/>
  <testcase name="testDeleteAtBeginning" classname="lucas.trabalho_1.data_structures.SinglyLinkedListTest" time="0.002"/>
  <testcase name="testContains" classname="lucas.trabalho_1.data_structures.SinglyLinkedListTest" time="0.001"/>
  <testcase name="testInsertAtIndex" classname="lucas.trabalho_1.data_structures.SinglyLinkedListTest" time="0.001"/>
  <testcase name="testGetTailNode" classname="lucas.trabalho_1.data_structures.SinglyLinkedListTest" time="0.001"/>
  <testcase name="testDeleteAtIndex" classname="lucas.trabalho_1.data_structures.SinglyLinkedListTest" time="0.001"/>
  <testcase name="testIndexOf" classname="lucas.trabalho_1.data_structures.SinglyLinkedListTest" time="0.001"/>
  <testcase name="testInsertAtBeginning" classname="lucas.trabalho_1.data_structures.SinglyLinkedListTest" time="0.0"/>
  <testcase name="testDeleteByValue" classname="lucas.trabalho_1.data_structures.SinglyLinkedListTest" time="0.001"/>
</testsuite>